2020-05-28 00:04:05.562  INFO 1864 --- [restartedMain] c.p.a.a.PhotoAppApiAlbumsApplication     : No active profile set, falling back to default profiles: default
2020-05-28 00:04:06.124  WARN 1864 --- [restartedMain] o.s.boot.actuate.endpoint.EndpointId     : Endpoint ID 'service-registry' contains invalid characters, please migrate to a valid format.
2020-05-28 00:04:06.249  INFO 1864 --- [restartedMain] o.s.cloud.context.scope.GenericScope     : BeanFactory id=fce5687c-8caa-3de7-86f9-d6b89e9c58f8
2020-05-28 00:04:06.301  INFO 1864 --- [restartedMain] trationDelegate$BeanPostProcessorChecker : Bean 'org.springframework.cloud.autoconfigure.ConfigurationPropertiesRebinderAutoConfiguration' of type [org.springframework.cloud.autoconfigure.ConfigurationPropertiesRebinderAutoConfiguration$$EnhancerBySpringCGLIB$$c745501f] is not eligible for getting processed by all BeanPostProcessors (for example: not eligible for auto-proxying)
2020-05-28 00:04:06.645  INFO 1864 --- [restartedMain] o.s.b.w.embedded.tomcat.TomcatWebServer  : Tomcat initialized with port(s): 0 (http)
2020-05-28 00:04:06.660  INFO 1864 --- [restartedMain] o.apache.catalina.core.StandardService   : Starting service [Tomcat]
2020-05-28 00:04:06.660  INFO 1864 --- [restartedMain] org.apache.catalina.core.StandardEngine  : Starting Servlet engine: [Apache Tomcat/9.0.14]
2020-05-28 00:04:06.660  INFO 1864 --- [restartedMain] o.a.catalina.core.AprLifecycleListener   : The APR based Apache Tomcat Native library which allows optimal performance in production environments was not found on the java.library.path: [C:\Program Files\Java\jdk1.8.0_201\bin;C:\WINDOWS\Sun\Java\bin;C:\WINDOWS\system32;C:\WINDOWS;C:/Program Files/Java/jre1.8.0_221/bin/server;C:/Program Files/Java/jre1.8.0_221/bin;C:/Program Files/Java/jre1.8.0_221/lib/amd64;C:\Program Files (x86)\Common Files\Oracle\Java\javapath;C:\WINDOWS\system32;C:\WINDOWS;C:\WINDOWS\System32\Wbem;C:\WINDOWS\System32\WindowsPowerShell\v1.0\;C:\WINDOWS\System32\OpenSSH\;C:\Program Files\Java\jdk1.8.0_201\bin;C:\Program Files\nodejs\;C:\Program Files\PuTTY\;F:\apache-maven-3.6.3\bin;C:\Program Files\Git\cmd;C:\Users\User\AppData\Local\Programs\Python\Python37-32\Scripts\;C:\Users\User\AppData\Local\Programs\Python\Python37-32\;C:\Users\User\AppData\Local\Microsoft\WindowsApps;C:\Users\User\AppData\Roaming\npm;C:\Users\User\AppData\Local\Programs\Microsoft VS Code\bin;F:\Spring STS versions\spring-tool-suite-3.9.11.RELEASE-e4.14.0-win32-x86_64\sts-3.9.11.RELEASE;;.]
2020-05-28 00:04:06.770  INFO 1864 --- [restartedMain] o.a.c.c.C.[Tomcat].[localhost].[/]       : Initializing Spring embedded WebApplicationContext
2020-05-28 00:04:06.770  INFO 1864 --- [restartedMain] o.s.web.context.ContextLoader            : Root WebApplicationContext: initialization completed in 1208 ms
2020-05-28 00:04:06.832  WARN 1864 --- [restartedMain] c.n.c.sources.URLConfigurationSource     : No URLs will be polled as dynamic configuration sources.
2020-05-28 00:04:06.832  INFO 1864 --- [restartedMain] c.n.c.sources.URLConfigurationSource     : To enable URLs as dynamic configuration sources, define System property archaius.configurationSource.additionalUrls or make config.properties available on classpath.
2020-05-28 00:04:06.942  INFO 1864 --- [restartedMain] c.netflix.config.DynamicPropertyFactory  : DynamicPropertyFactory is initialized with configuration sources: com.netflix.config.ConcurrentCompositeConfiguration@4bf86a56
2020-05-28 00:04:07.270  WARN 1864 --- [restartedMain] c.n.c.sources.URLConfigurationSource     : No URLs will be polled as dynamic configuration sources.
2020-05-28 00:04:07.270  INFO 1864 --- [restartedMain] c.n.c.sources.URLConfigurationSource     : To enable URLs as dynamic configuration sources, define System property archaius.configurationSource.additionalUrls or make config.properties available on classpath.
2020-05-28 00:04:07.396  INFO 1864 --- [restartedMain] o.s.s.concurrent.ThreadPoolTaskExecutor  : Initializing ExecutorService 'applicationTaskExecutor'
2020-05-28 00:04:07.614  WARN 1864 --- [restartedMain] o.s.b.d.a.OptionalLiveReloadServer       : Unable to start LiveReload server
2020-05-28 00:04:07.739  INFO 1864 --- [restartedMain] o.s.b.a.e.web.EndpointLinksResolver      : Exposing 2 endpoint(s) beneath base path '/actuator'
2020-05-28 00:04:07.833  INFO 1864 --- [restartedMain] o.s.b.w.embedded.tomcat.TomcatWebServer  : Tomcat started on port(s): 51730 (http) with context path ''
2020-05-28 00:04:07.833  INFO 1864 --- [restartedMain] .s.c.n.e.s.EurekaAutoServiceRegistration : Updating port to 51730
2020-05-28 00:04:07.833  INFO 1864 --- [restartedMain] o.s.c.n.eureka.InstanceInfoFactory       : Setting initial instance status as: STARTING
2020-05-28 00:04:07.864  INFO 1864 --- [restartedMain] com.netflix.discovery.DiscoveryClient    : Initializing Eureka in region us-east-1
2020-05-28 00:04:08.052  INFO 1864 --- [restartedMain] c.n.d.provider.DiscoveryJerseyProvider   : Using JSON encoding codec LegacyJacksonJson
2020-05-28 00:04:08.052  INFO 1864 --- [restartedMain] c.n.d.provider.DiscoveryJerseyProvider   : Using JSON decoding codec LegacyJacksonJson
2020-05-28 00:04:08.145  INFO 1864 --- [restartedMain] c.n.d.provider.DiscoveryJerseyProvider   : Using XML encoding codec XStreamXml
2020-05-28 00:04:08.145  INFO 1864 --- [restartedMain] c.n.d.provider.DiscoveryJerseyProvider   : Using XML decoding codec XStreamXml
2020-05-28 00:04:08.255  INFO 1864 --- [restartedMain] c.n.d.s.r.aws.ConfigClusterResolver      : Resolving eureka endpoints via configuration
2020-05-28 00:04:08.317  INFO 1864 --- [restartedMain] com.netflix.discovery.DiscoveryClient    : Disable delta property : false
2020-05-28 00:04:08.317  INFO 1864 --- [restartedMain] com.netflix.discovery.DiscoveryClient    : Single vip registry refresh property : null
2020-05-28 00:04:08.326  INFO 1864 --- [restartedMain] com.netflix.discovery.DiscoveryClient    : Force full registry fetch : false
2020-05-28 00:04:08.326  INFO 1864 --- [restartedMain] com.netflix.discovery.DiscoveryClient    : Application is null : false
2020-05-28 00:04:08.326  INFO 1864 --- [restartedMain] com.netflix.discovery.DiscoveryClient    : Registered Applications size is zero : true
2020-05-28 00:04:08.326  INFO 1864 --- [restartedMain] com.netflix.discovery.DiscoveryClient    : Application version is -1: true
2020-05-28 00:04:08.326  INFO 1864 --- [restartedMain] com.netflix.discovery.DiscoveryClient    : Getting all instance registry info from the eureka server
2020-05-28 00:04:08.452  INFO 1864 --- [restartedMain] com.netflix.discovery.DiscoveryClient    : The response status is 200
2020-05-28 00:04:08.452  INFO 1864 --- [restartedMain] com.netflix.discovery.DiscoveryClient    : Starting heartbeat executor: renew interval is: 30
2020-05-28 00:04:08.452  INFO 1864 --- [restartedMain] c.n.discovery.InstanceInfoReplicator     : InstanceInfoReplicator onDemand update allowed rate per min is 4
2020-05-28 00:04:08.452  INFO 1864 --- [restartedMain] com.netflix.discovery.DiscoveryClient    : Discovery Client initialized at timestamp 1590613448452 with initial instances count: 1
2020-05-28 00:04:08.452  INFO 1864 --- [restartedMain] o.s.c.n.e.s.EurekaServiceRegistry        : Registering application ALBUMS-WS with eureka with status UP
2020-05-28 00:04:08.452  INFO 1864 --- [restartedMain] com.netflix.discovery.DiscoveryClient    : Saw local status change event StatusChangeEvent [timestamp=1590613448452, current=UP, previous=STARTING]
2020-05-28 00:04:08.452  INFO 1864 --- [DiscoveryClient-InstanceInfoReplicator-0] com.netflix.discovery.DiscoveryClient    : DiscoveryClient_ALBUMS-WS/albums-ws:7c08dce78f3f96d5d7ee2ef97b0bb360: registering service...
2020-05-28 00:04:08.468  INFO 1864 --- [restartedMain] c.p.a.a.PhotoAppApiAlbumsApplication     : Started PhotoAppApiAlbumsApplication in 3.617 seconds (JVM running for 4.283)
2020-05-28 00:04:08.487  INFO 1864 --- [DiscoveryClient-InstanceInfoReplicator-0] com.netflix.discovery.DiscoveryClient    : DiscoveryClient_ALBUMS-WS/albums-ws:7c08dce78f3f96d5d7ee2ef97b0bb360 - registration status: 204
2020-05-28 00:08:38.057  INFO 1864 --- [http-nio-auto-1-exec-1] o.a.c.c.C.[Tomcat].[localhost].[/]       : Initializing Spring DispatcherServlet 'dispatcherServlet'
2020-05-28 00:08:38.058  INFO 1864 --- [http-nio-auto-1-exec-1] o.s.web.servlet.DispatcherServlet        : Initializing Servlet 'dispatcherServlet'
2020-05-28 00:08:38.063  INFO 1864 --- [http-nio-auto-1-exec-1] o.s.web.servlet.DispatcherServlet        : Completed initialization in 5 ms
2020-05-28 00:08:38.130  INFO 1864 --- [http-nio-auto-1-exec-1] c.p.a.a.io.controllers.AlbumsController  : Returning 2 albums
2020-05-28 00:09:08.330  INFO 1864 --- [AsyncResolver-bootstrap-executor-0] c.n.d.s.r.aws.ConfigClusterResolver      : Resolving eureka endpoints via configuration
2020-05-28 00:14:08.331  INFO 1864 --- [AsyncResolver-bootstrap-executor-0] c.n.d.s.r.aws.ConfigClusterResolver      : Resolving eureka endpoints via configuration
2020-05-28 00:19:08.346  INFO 1864 --- [AsyncResolver-bootstrap-executor-0] c.n.d.s.r.aws.ConfigClusterResolver      : Resolving eureka endpoints via configuration
2020-05-28 00:24:08.362  INFO 1864 --- [AsyncResolver-bootstrap-executor-0] c.n.d.s.r.aws.ConfigClusterResolver      : Resolving eureka endpoints via configuration
2020-05-28 00:29:08.364  INFO 1864 --- [AsyncResolver-bootstrap-executor-0] c.n.d.s.r.aws.ConfigClusterResolver      : Resolving eureka endpoints via configuration
2020-05-28 00:29:29.134  INFO 1864 --- [http-nio-auto-1-exec-3] c.p.a.a.io.controllers.AlbumsController  : Returning 2 albums
2020-05-28 00:30:15.425  INFO 1864 --- [RMI TCP Connection(35)-127.0.0.1] inMXBeanRegistrar$SpringApplicationAdmin : Application shutdown requested.
2020-05-28 00:30:15.434  INFO 1864 --- [RMI TCP Connection(35)-127.0.0.1] o.s.c.n.e.s.EurekaServiceRegistry        : Unregistering application ALBUMS-WS with eureka with status DOWN
2020-05-28 00:30:15.434  WARN 1864 --- [RMI TCP Connection(35)-127.0.0.1] com.netflix.discovery.DiscoveryClient    : Saw local status change event StatusChangeEvent [timestamp=1590615015434, current=DOWN, previous=UP]
2020-05-28 00:30:15.434  INFO 1864 --- [DiscoveryClient-InstanceInfoReplicator-0] com.netflix.discovery.DiscoveryClient    : DiscoveryClient_ALBUMS-WS/albums-ws:7c08dce78f3f96d5d7ee2ef97b0bb360: registering service...
2020-05-28 00:30:15.436  INFO 1864 --- [RMI TCP Connection(35)-127.0.0.1] o.s.s.concurrent.ThreadPoolTaskExecutor  : Shutting down ExecutorService 'applicationTaskExecutor'
2020-05-28 00:30:15.438  INFO 1864 --- [DiscoveryClient-InstanceInfoReplicator-0] com.netflix.discovery.DiscoveryClient    : DiscoveryClient_ALBUMS-WS/albums-ws:7c08dce78f3f96d5d7ee2ef97b0bb360 - registration status: 204
2020-05-28 00:30:15.439  INFO 1864 --- [RMI TCP Connection(35)-127.0.0.1] com.netflix.discovery.DiscoveryClient    : Shutting down DiscoveryClient ...
2020-05-28 00:30:18.442  INFO 1864 --- [RMI TCP Connection(35)-127.0.0.1] com.netflix.discovery.DiscoveryClient    : Unregistering ...
2020-05-28 00:30:18.465  INFO 1864 --- [RMI TCP Connection(35)-127.0.0.1] com.netflix.discovery.DiscoveryClient    : DiscoveryClient_ALBUMS-WS/albums-ws:7c08dce78f3f96d5d7ee2ef97b0bb360 - deregister  status: 200
2020-05-28 00:30:18.466  INFO 1864 --- [RMI TCP Connection(35)-127.0.0.1] com.netflix.discovery.DiscoveryClient    : Completed shut down of DiscoveryClient
2020-05-28 00:30:18.524  INFO 1864 --- [RMI TCP Connection(35)-127.0.0.1] o.apache.catalina.core.StandardService   : Stopping service [Tomcat]
2020-05-28 00:30:18.524  INFO 1864 --- [RMI TCP Connection(35)-127.0.0.1] o.a.c.c.C.[Tomcat].[localhost].[/]       : Destroying Spring FrameworkServlet 'dispatcherServlet'
2020-05-28 00:32:55.935  INFO 12740 --- [restartedMain] c.p.a.a.PhotoAppApiAlbumsApplication     : No active profile set, falling back to default profiles: default
2020-05-28 00:32:56.440  WARN 12740 --- [restartedMain] o.s.boot.actuate.endpoint.EndpointId     : Endpoint ID 'service-registry' contains invalid characters, please migrate to a valid format.
2020-05-28 00:32:56.549  INFO 12740 --- [restartedMain] o.s.cloud.context.scope.GenericScope     : BeanFactory id=fce5687c-8caa-3de7-86f9-d6b89e9c58f8
2020-05-28 00:32:56.603  INFO 12740 --- [restartedMain] trationDelegate$BeanPostProcessorChecker : Bean 'org.springframework.cloud.autoconfigure.ConfigurationPropertiesRebinderAutoConfiguration' of type [org.springframework.cloud.autoconfigure.ConfigurationPropertiesRebinderAutoConfiguration$$EnhancerBySpringCGLIB$$9baa4da] is not eligible for getting processed by all BeanPostProcessors (for example: not eligible for auto-proxying)
2020-05-28 00:32:56.925  INFO 12740 --- [restartedMain] o.s.b.w.embedded.tomcat.TomcatWebServer  : Tomcat initialized with port(s): 0 (http)
2020-05-28 00:32:56.929  INFO 12740 --- [restartedMain] o.apache.catalina.core.StandardService   : Starting service [Tomcat]
2020-05-28 00:32:56.929  INFO 12740 --- [restartedMain] org.apache.catalina.core.StandardEngine  : Starting Servlet engine: [Apache Tomcat/9.0.14]
2020-05-28 00:32:56.944  INFO 12740 --- [restartedMain] o.a.catalina.core.AprLifecycleListener   : The APR based Apache Tomcat Native library which allows optimal performance in production environments was not found on the java.library.path: [C:\Program Files\Java\jdk1.8.0_201\bin;C:\WINDOWS\Sun\Java\bin;C:\WINDOWS\system32;C:\WINDOWS;C:/Program Files/Java/jre1.8.0_221/bin/server;C:/Program Files/Java/jre1.8.0_221/bin;C:/Program Files/Java/jre1.8.0_221/lib/amd64;C:\Program Files (x86)\Common Files\Oracle\Java\javapath;C:\WINDOWS\system32;C:\WINDOWS;C:\WINDOWS\System32\Wbem;C:\WINDOWS\System32\WindowsPowerShell\v1.0\;C:\WINDOWS\System32\OpenSSH\;C:\Program Files\Java\jdk1.8.0_201\bin;C:\Program Files\nodejs\;C:\Program Files\PuTTY\;F:\apache-maven-3.6.3\bin;C:\Program Files\Git\cmd;C:\Users\User\AppData\Local\Programs\Python\Python37-32\Scripts\;C:\Users\User\AppData\Local\Programs\Python\Python37-32\;C:\Users\User\AppData\Local\Microsoft\WindowsApps;C:\Users\User\AppData\Roaming\npm;C:\Users\User\AppData\Local\Programs\Microsoft VS Code\bin;F:\Spring STS versions\spring-tool-suite-3.9.11.RELEASE-e4.14.0-win32-x86_64\sts-3.9.11.RELEASE;;.]
2020-05-28 00:32:57.038  INFO 12740 --- [restartedMain] o.a.c.c.C.[Tomcat].[localhost].[/]       : Initializing Spring embedded WebApplicationContext
2020-05-28 00:32:57.038  INFO 12740 --- [restartedMain] o.s.web.context.ContextLoader            : Root WebApplicationContext: initialization completed in 1087 ms
2020-05-28 00:32:57.103  WARN 12740 --- [restartedMain] c.n.c.sources.URLConfigurationSource     : No URLs will be polled as dynamic configuration sources.
2020-05-28 00:32:57.103  INFO 12740 --- [restartedMain] c.n.c.sources.URLConfigurationSource     : To enable URLs as dynamic configuration sources, define System property archaius.configurationSource.additionalUrls or make config.properties available on classpath.
2020-05-28 00:32:57.119  INFO 12740 --- [restartedMain] c.netflix.config.DynamicPropertyFactory  : DynamicPropertyFactory is initialized with configuration sources: com.netflix.config.ConcurrentCompositeConfiguration@2d0feed6
2020-05-28 00:32:57.519  WARN 12740 --- [restartedMain] c.n.c.sources.URLConfigurationSource     : No URLs will be polled as dynamic configuration sources.
2020-05-28 00:32:57.519  INFO 12740 --- [restartedMain] c.n.c.sources.URLConfigurationSource     : To enable URLs as dynamic configuration sources, define System property archaius.configurationSource.additionalUrls or make config.properties available on classpath.
2020-05-28 00:32:57.634  INFO 12740 --- [restartedMain] o.s.s.concurrent.ThreadPoolTaskExecutor  : Initializing ExecutorService 'applicationTaskExecutor'
2020-05-28 00:32:57.847  WARN 12740 --- [restartedMain] o.s.b.d.a.OptionalLiveReloadServer       : Unable to start LiveReload server
2020-05-28 00:32:57.972  INFO 12740 --- [restartedMain] o.s.b.a.e.web.EndpointLinksResolver      : Exposing 2 endpoint(s) beneath base path '/actuator'
2020-05-28 00:32:58.067  INFO 12740 --- [restartedMain] o.s.b.w.embedded.tomcat.TomcatWebServer  : Tomcat started on port(s): 52614 (http) with context path ''
2020-05-28 00:32:58.068  INFO 12740 --- [restartedMain] .s.c.n.e.s.EurekaAutoServiceRegistration : Updating port to 52614
2020-05-28 00:32:58.073  INFO 12740 --- [restartedMain] o.s.c.n.eureka.InstanceInfoFactory       : Setting initial instance status as: STARTING
2020-05-28 00:32:58.088  INFO 12740 --- [restartedMain] com.netflix.discovery.DiscoveryClient    : Initializing Eureka in region us-east-1
2020-05-28 00:32:58.268  INFO 12740 --- [restartedMain] c.n.d.provider.DiscoveryJerseyProvider   : Using JSON encoding codec LegacyJacksonJson
2020-05-28 00:32:58.268  INFO 12740 --- [restartedMain] c.n.d.provider.DiscoveryJerseyProvider   : Using JSON decoding codec LegacyJacksonJson
2020-05-28 00:32:58.346  INFO 12740 --- [restartedMain] c.n.d.provider.DiscoveryJerseyProvider   : Using XML encoding codec XStreamXml
2020-05-28 00:32:58.346  INFO 12740 --- [restartedMain] c.n.d.provider.DiscoveryJerseyProvider   : Using XML decoding codec XStreamXml
2020-05-28 00:32:58.456  INFO 12740 --- [restartedMain] c.n.d.s.r.aws.ConfigClusterResolver      : Resolving eureka endpoints via configuration
2020-05-28 00:32:58.518  INFO 12740 --- [restartedMain] com.netflix.discovery.DiscoveryClient    : Disable delta property : false
2020-05-28 00:32:58.518  INFO 12740 --- [restartedMain] com.netflix.discovery.DiscoveryClient    : Single vip registry refresh property : null
2020-05-28 00:32:58.518  INFO 12740 --- [restartedMain] com.netflix.discovery.DiscoveryClient    : Force full registry fetch : false
2020-05-28 00:32:58.518  INFO 12740 --- [restartedMain] com.netflix.discovery.DiscoveryClient    : Application is null : false
2020-05-28 00:32:58.534  INFO 12740 --- [restartedMain] com.netflix.discovery.DiscoveryClient    : Registered Applications size is zero : true
2020-05-28 00:32:58.534  INFO 12740 --- [restartedMain] com.netflix.discovery.DiscoveryClient    : Application version is -1: true
2020-05-28 00:32:58.534  INFO 12740 --- [restartedMain] com.netflix.discovery.DiscoveryClient    : Getting all instance registry info from the eureka server
2020-05-28 00:32:58.605  INFO 12740 --- [restartedMain] com.netflix.discovery.DiscoveryClient    : The response status is 200
2020-05-28 00:32:58.605  INFO 12740 --- [restartedMain] com.netflix.discovery.DiscoveryClient    : Starting heartbeat executor: renew interval is: 30
2020-05-28 00:32:58.605  INFO 12740 --- [restartedMain] c.n.discovery.InstanceInfoReplicator     : InstanceInfoReplicator onDemand update allowed rate per min is 4
2020-05-28 00:32:58.605  INFO 12740 --- [restartedMain] com.netflix.discovery.DiscoveryClient    : Discovery Client initialized at timestamp 1590615178605 with initial instances count: 0
2020-05-28 00:32:58.605  INFO 12740 --- [restartedMain] o.s.c.n.e.s.EurekaServiceRegistry        : Registering application ALBUMS-WS with eureka with status UP
2020-05-28 00:32:58.605  INFO 12740 --- [restartedMain] com.netflix.discovery.DiscoveryClient    : Saw local status change event StatusChangeEvent [timestamp=1590615178605, current=UP, previous=STARTING]
2020-05-28 00:32:58.605  INFO 12740 --- [DiscoveryClient-InstanceInfoReplicator-0] com.netflix.discovery.DiscoveryClient    : DiscoveryClient_ALBUMS-WS/albums-ws:849dc64fe3503bb7ce709187df026fff: registering service...
2020-05-28 00:32:58.605  INFO 12740 --- [restartedMain] c.p.a.a.PhotoAppApiAlbumsApplication     : Started PhotoAppApiAlbumsApplication in 3.321 seconds (JVM running for 3.974)
2020-05-28 00:32:58.657  INFO 12740 --- [DiscoveryClient-InstanceInfoReplicator-0] com.netflix.discovery.DiscoveryClient    : DiscoveryClient_ALBUMS-WS/albums-ws:849dc64fe3503bb7ce709187df026fff - registration status: 204
2020-05-28 00:33:28.633  INFO 12740 --- [DiscoveryClient-CacheRefreshExecutor-0] com.netflix.discovery.DiscoveryClient    : Disable delta property : false
2020-05-28 00:33:28.633  INFO 12740 --- [DiscoveryClient-CacheRefreshExecutor-0] com.netflix.discovery.DiscoveryClient    : Single vip registry refresh property : null
2020-05-28 00:33:28.633  INFO 12740 --- [DiscoveryClient-CacheRefreshExecutor-0] com.netflix.discovery.DiscoveryClient    : Force full registry fetch : false
2020-05-28 00:33:28.633  INFO 12740 --- [DiscoveryClient-CacheRefreshExecutor-0] com.netflix.discovery.DiscoveryClient    : Application is null : false
2020-05-28 00:33:28.633  INFO 12740 --- [DiscoveryClient-CacheRefreshExecutor-0] com.netflix.discovery.DiscoveryClient    : Registered Applications size is zero : true
2020-05-28 00:33:28.633  INFO 12740 --- [DiscoveryClient-CacheRefreshExecutor-0] com.netflix.discovery.DiscoveryClient    : Application version is -1: false
2020-05-28 00:33:28.633  INFO 12740 --- [DiscoveryClient-CacheRefreshExecutor-0] com.netflix.discovery.DiscoveryClient    : Getting all instance registry info from the eureka server
2020-05-28 00:33:28.651  INFO 12740 --- [DiscoveryClient-CacheRefreshExecutor-0] com.netflix.discovery.DiscoveryClient    : The response status is 200
2020-05-28 00:34:36.366  INFO 12740 --- [http-nio-auto-1-exec-1] o.a.c.c.C.[Tomcat].[localhost].[/]       : Initializing Spring DispatcherServlet 'dispatcherServlet'
2020-05-28 00:34:36.366  INFO 12740 --- [http-nio-auto-1-exec-1] o.s.web.servlet.DispatcherServlet        : Initializing Servlet 'dispatcherServlet'
2020-05-28 00:34:36.373  INFO 12740 --- [http-nio-auto-1-exec-1] o.s.web.servlet.DispatcherServlet        : Completed initialization in 7 ms
2020-05-28 00:34:36.429  INFO 12740 --- [http-nio-auto-1-exec-1] c.p.a.a.io.controllers.AlbumsController  : Returning 2 albums
2020-05-28 00:37:58.543  INFO 12740 --- [AsyncResolver-bootstrap-executor-0] c.n.d.s.r.aws.ConfigClusterResolver      : Resolving eureka endpoints via configuration
2020-05-28 00:42:58.546  INFO 12740 --- [AsyncResolver-bootstrap-executor-0] c.n.d.s.r.aws.ConfigClusterResolver      : Resolving eureka endpoints via configuration
2020-05-28 00:47:58.559  INFO 12740 --- [AsyncResolver-bootstrap-executor-0] c.n.d.s.r.aws.ConfigClusterResolver      : Resolving eureka endpoints via configuration
2020-05-28 00:49:24.898  INFO 12740 --- [http-nio-auto-1-exec-3] c.p.a.a.io.controllers.AlbumsController  : Returning 2 albums
2020-05-28 00:49:39.606  INFO 12740 --- [RMI TCP Connection(27)-127.0.0.1] inMXBeanRegistrar$SpringApplicationAdmin : Application shutdown requested.
2020-05-28 00:49:39.614  INFO 12740 --- [RMI TCP Connection(27)-127.0.0.1] o.s.c.n.e.s.EurekaServiceRegistry        : Unregistering application ALBUMS-WS with eureka with status DOWN
2020-05-28 00:49:39.614  WARN 12740 --- [RMI TCP Connection(27)-127.0.0.1] com.netflix.discovery.DiscoveryClient    : Saw local status change event StatusChangeEvent [timestamp=1590616179614, current=DOWN, previous=UP]
2020-05-28 00:49:39.614  INFO 12740 --- [DiscoveryClient-InstanceInfoReplicator-0] com.netflix.discovery.DiscoveryClient    : DiscoveryClient_ALBUMS-WS/albums-ws:849dc64fe3503bb7ce709187df026fff: registering service...
2020-05-28 00:49:39.616  INFO 12740 --- [RMI TCP Connection(27)-127.0.0.1] o.s.s.concurrent.ThreadPoolTaskExecutor  : Shutting down ExecutorService 'applicationTaskExecutor'
2020-05-28 00:49:39.619  INFO 12740 --- [DiscoveryClient-InstanceInfoReplicator-0] com.netflix.discovery.DiscoveryClient    : DiscoveryClient_ALBUMS-WS/albums-ws:849dc64fe3503bb7ce709187df026fff - registration status: 204
2020-05-28 00:49:39.620  INFO 12740 --- [RMI TCP Connection(27)-127.0.0.1] com.netflix.discovery.DiscoveryClient    : Shutting down DiscoveryClient ...
2020-05-28 00:49:42.635  INFO 12740 --- [RMI TCP Connection(27)-127.0.0.1] com.netflix.discovery.DiscoveryClient    : Unregistering ...
2020-05-28 00:49:42.659  INFO 12740 --- [RMI TCP Connection(27)-127.0.0.1] com.netflix.discovery.DiscoveryClient    : DiscoveryClient_ALBUMS-WS/albums-ws:849dc64fe3503bb7ce709187df026fff - deregister  status: 200
2020-05-28 00:49:42.661  INFO 12740 --- [RMI TCP Connection(27)-127.0.0.1] com.netflix.discovery.DiscoveryClient    : Completed shut down of DiscoveryClient
2020-05-28 00:49:42.714  INFO 12740 --- [RMI TCP Connection(27)-127.0.0.1] o.apache.catalina.core.StandardService   : Stopping service [Tomcat]
2020-05-28 00:49:42.714  INFO 12740 --- [RMI TCP Connection(27)-127.0.0.1] o.a.c.c.C.[Tomcat].[localhost].[/]       : Destroying Spring FrameworkServlet 'dispatcherServlet'
2020-05-28 00:51:10.277  INFO 1152 --- [restartedMain] c.p.a.a.PhotoAppApiAlbumsApplication     : No active profile set, falling back to default profiles: default
2020-05-28 00:51:10.930  WARN 1152 --- [restartedMain] o.s.boot.actuate.endpoint.EndpointId     : Endpoint ID 'service-registry' contains invalid characters, please migrate to a valid format.
2020-05-28 00:51:11.042  INFO 1152 --- [restartedMain] o.s.cloud.context.scope.GenericScope     : BeanFactory id=fce5687c-8caa-3de7-86f9-d6b89e9c58f8
2020-05-28 00:51:11.105  INFO 1152 --- [restartedMain] trationDelegate$BeanPostProcessorChecker : Bean 'org.springframework.cloud.autoconfigure.ConfigurationPropertiesRebinderAutoConfiguration' of type [org.springframework.cloud.autoconfigure.ConfigurationPropertiesRebinderAutoConfiguration$$EnhancerBySpringCGLIB$$2a2bb68f] is not eligible for getting processed by all BeanPostProcessors (for example: not eligible for auto-proxying)
2020-05-28 00:51:11.481  INFO 1152 --- [restartedMain] o.s.b.w.embedded.tomcat.TomcatWebServer  : Tomcat initialized with port(s): 0 (http)
2020-05-28 00:51:11.496  INFO 1152 --- [restartedMain] o.apache.catalina.core.StandardService   : Starting service [Tomcat]
2020-05-28 00:51:11.496  INFO 1152 --- [restartedMain] org.apache.catalina.core.StandardEngine  : Starting Servlet engine: [Apache Tomcat/9.0.14]
2020-05-28 00:51:11.496  INFO 1152 --- [restartedMain] o.a.catalina.core.AprLifecycleListener   : The APR based Apache Tomcat Native library which allows optimal performance in production environments was not found on the java.library.path: [C:\Program Files\Java\jdk1.8.0_201\bin;C:\WINDOWS\Sun\Java\bin;C:\WINDOWS\system32;C:\WINDOWS;C:/Program Files/Java/jre1.8.0_221/bin/server;C:/Program Files/Java/jre1.8.0_221/bin;C:/Program Files/Java/jre1.8.0_221/lib/amd64;C:\Program Files (x86)\Common Files\Oracle\Java\javapath;C:\WINDOWS\system32;C:\WINDOWS;C:\WINDOWS\System32\Wbem;C:\WINDOWS\System32\WindowsPowerShell\v1.0\;C:\WINDOWS\System32\OpenSSH\;C:\Program Files\Java\jdk1.8.0_201\bin;C:\Program Files\nodejs\;C:\Program Files\PuTTY\;F:\apache-maven-3.6.3\bin;C:\Program Files\Git\cmd;C:\Users\User\AppData\Local\Programs\Python\Python37-32\Scripts\;C:\Users\User\AppData\Local\Programs\Python\Python37-32\;C:\Users\User\AppData\Local\Microsoft\WindowsApps;C:\Users\User\AppData\Roaming\npm;C:\Users\User\AppData\Local\Programs\Microsoft VS Code\bin;F:\Spring STS versions\spring-tool-suite-3.9.11.RELEASE-e4.14.0-win32-x86_64\sts-3.9.11.RELEASE;;.]
2020-05-28 00:51:11.590  INFO 1152 --- [restartedMain] o.a.c.c.C.[Tomcat].[localhost].[/]       : Initializing Spring embedded WebApplicationContext
2020-05-28 00:51:11.590  INFO 1152 --- [restartedMain] o.s.web.context.ContextLoader            : Root WebApplicationContext: initialization completed in 1297 ms
2020-05-28 00:51:11.668  WARN 1152 --- [restartedMain] c.n.c.sources.URLConfigurationSource     : No URLs will be polled as dynamic configuration sources.
2020-05-28 00:51:11.668  INFO 1152 --- [restartedMain] c.n.c.sources.URLConfigurationSource     : To enable URLs as dynamic configuration sources, define System property archaius.configurationSource.additionalUrls or make config.properties available on classpath.
2020-05-28 00:51:11.668  INFO 1152 --- [restartedMain] c.netflix.config.DynamicPropertyFactory  : DynamicPropertyFactory is initialized with configuration sources: com.netflix.config.ConcurrentCompositeConfiguration@3fa125be
2020-05-28 00:51:12.104  WARN 1152 --- [restartedMain] c.n.c.sources.URLConfigurationSource     : No URLs will be polled as dynamic configuration sources.
2020-05-28 00:51:12.111  INFO 1152 --- [restartedMain] c.n.c.sources.URLConfigurationSource     : To enable URLs as dynamic configuration sources, define System property archaius.configurationSource.additionalUrls or make config.properties available on classpath.
2020-05-28 00:51:12.219  INFO 1152 --- [restartedMain] o.s.s.concurrent.ThreadPoolTaskExecutor  : Initializing ExecutorService 'applicationTaskExecutor'
2020-05-28 00:51:12.469  WARN 1152 --- [restartedMain] o.s.b.d.a.OptionalLiveReloadServer       : Unable to start LiveReload server
2020-05-28 00:51:12.593  INFO 1152 --- [restartedMain] o.s.b.a.e.web.EndpointLinksResolver      : Exposing 2 endpoint(s) beneath base path '/actuator'
2020-05-28 00:51:12.671  INFO 1152 --- [restartedMain] o.s.b.w.embedded.tomcat.TomcatWebServer  : Tomcat started on port(s): 53183 (http) with context path ''
2020-05-28 00:51:12.671  INFO 1152 --- [restartedMain] .s.c.n.e.s.EurekaAutoServiceRegistration : Updating port to 53183
2020-05-28 00:51:12.687  INFO 1152 --- [restartedMain] o.s.c.n.eureka.InstanceInfoFactory       : Setting initial instance status as: STARTING
2020-05-28 00:51:12.702  INFO 1152 --- [restartedMain] com.netflix.discovery.DiscoveryClient    : Initializing Eureka in region us-east-1
2020-05-28 00:51:12.896  INFO 1152 --- [restartedMain] c.n.d.provider.DiscoveryJerseyProvider   : Using JSON encoding codec LegacyJacksonJson
2020-05-28 00:51:12.896  INFO 1152 --- [restartedMain] c.n.d.provider.DiscoveryJerseyProvider   : Using JSON decoding codec LegacyJacksonJson
2020-05-28 00:51:12.974  INFO 1152 --- [restartedMain] c.n.d.provider.DiscoveryJerseyProvider   : Using XML encoding codec XStreamXml
2020-05-28 00:51:12.974  INFO 1152 --- [restartedMain] c.n.d.provider.DiscoveryJerseyProvider   : Using XML decoding codec XStreamXml
2020-05-28 00:51:13.073  INFO 1152 --- [restartedMain] c.n.d.s.r.aws.ConfigClusterResolver      : Resolving eureka endpoints via configuration
2020-05-28 00:51:13.151  INFO 1152 --- [restartedMain] com.netflix.discovery.DiscoveryClient    : Disable delta property : false
2020-05-28 00:51:13.152  INFO 1152 --- [restartedMain] com.netflix.discovery.DiscoveryClient    : Single vip registry refresh property : null
2020-05-28 00:51:13.152  INFO 1152 --- [restartedMain] com.netflix.discovery.DiscoveryClient    : Force full registry fetch : false
2020-05-28 00:51:13.152  INFO 1152 --- [restartedMain] com.netflix.discovery.DiscoveryClient    : Application is null : false
2020-05-28 00:51:13.152  INFO 1152 --- [restartedMain] com.netflix.discovery.DiscoveryClient    : Registered Applications size is zero : true
2020-05-28 00:51:13.152  INFO 1152 --- [restartedMain] com.netflix.discovery.DiscoveryClient    : Application version is -1: true
2020-05-28 00:51:13.152  INFO 1152 --- [restartedMain] com.netflix.discovery.DiscoveryClient    : Getting all instance registry info from the eureka server
2020-05-28 00:51:13.216  INFO 1152 --- [restartedMain] com.netflix.discovery.DiscoveryClient    : The response status is 200
2020-05-28 00:51:13.216  INFO 1152 --- [restartedMain] com.netflix.discovery.DiscoveryClient    : Starting heartbeat executor: renew interval is: 30
2020-05-28 00:51:13.216  INFO 1152 --- [restartedMain] c.n.discovery.InstanceInfoReplicator     : InstanceInfoReplicator onDemand update allowed rate per min is 4
2020-05-28 00:51:13.216  INFO 1152 --- [restartedMain] com.netflix.discovery.DiscoveryClient    : Discovery Client initialized at timestamp 1590616273216 with initial instances count: 0
2020-05-28 00:51:13.232  INFO 1152 --- [restartedMain] o.s.c.n.e.s.EurekaServiceRegistry        : Registering application ALBUMS-WS with eureka with status UP
2020-05-28 00:51:13.232  INFO 1152 --- [restartedMain] com.netflix.discovery.DiscoveryClient    : Saw local status change event StatusChangeEvent [timestamp=1590616273232, current=UP, previous=STARTING]
2020-05-28 00:51:13.232  INFO 1152 --- [DiscoveryClient-InstanceInfoReplicator-0] com.netflix.discovery.DiscoveryClient    : DiscoveryClient_ALBUMS-WS/albums-ws:382d1ce9729347ea2a526f15cd4c708a: registering service...
2020-05-28 00:51:13.232  INFO 1152 --- [restartedMain] c.p.a.a.PhotoAppApiAlbumsApplication     : Started PhotoAppApiAlbumsApplication in 3.696 seconds (JVM running for 4.389)
2020-05-28 00:51:13.280  INFO 1152 --- [DiscoveryClient-InstanceInfoReplicator-0] com.netflix.discovery.DiscoveryClient    : DiscoveryClient_ALBUMS-WS/albums-ws:382d1ce9729347ea2a526f15cd4c708a - registration status: 204
2020-05-28 00:51:43.235  INFO 1152 --- [DiscoveryClient-CacheRefreshExecutor-0] com.netflix.discovery.DiscoveryClient    : Disable delta property : false
2020-05-28 00:51:43.237  INFO 1152 --- [DiscoveryClient-CacheRefreshExecutor-0] com.netflix.discovery.DiscoveryClient    : Single vip registry refresh property : null
2020-05-28 00:51:43.237  INFO 1152 --- [DiscoveryClient-CacheRefreshExecutor-0] com.netflix.discovery.DiscoveryClient    : Force full registry fetch : false
2020-05-28 00:51:43.237  INFO 1152 --- [DiscoveryClient-CacheRefreshExecutor-0] com.netflix.discovery.DiscoveryClient    : Application is null : false
2020-05-28 00:51:43.238  INFO 1152 --- [DiscoveryClient-CacheRefreshExecutor-0] com.netflix.discovery.DiscoveryClient    : Registered Applications size is zero : true
2020-05-28 00:51:43.238  INFO 1152 --- [DiscoveryClient-CacheRefreshExecutor-0] com.netflix.discovery.DiscoveryClient    : Application version is -1: false
2020-05-28 00:51:43.238  INFO 1152 --- [DiscoveryClient-CacheRefreshExecutor-0] com.netflix.discovery.DiscoveryClient    : Getting all instance registry info from the eureka server
2020-05-28 00:51:43.286  INFO 1152 --- [DiscoveryClient-CacheRefreshExecutor-0] com.netflix.discovery.DiscoveryClient    : The response status is 200
2020-05-28 00:51:51.023  INFO 1152 --- [http-nio-auto-1-exec-1] o.a.c.c.C.[Tomcat].[localhost].[/]       : Initializing Spring DispatcherServlet 'dispatcherServlet'
2020-05-28 00:51:51.023  INFO 1152 --- [http-nio-auto-1-exec-1] o.s.web.servlet.DispatcherServlet        : Initializing Servlet 'dispatcherServlet'
2020-05-28 00:51:51.028  INFO 1152 --- [http-nio-auto-1-exec-1] o.s.web.servlet.DispatcherServlet        : Completed initialization in 5 ms
2020-05-28 00:51:51.077  INFO 1152 --- [http-nio-auto-1-exec-1] c.p.a.a.io.controllers.AlbumsController  : Returning 2 albums
2020-05-28 00:56:13.167  INFO 1152 --- [AsyncResolver-bootstrap-executor-0] c.n.d.s.r.aws.ConfigClusterResolver      : Resolving eureka endpoints via configuration
2020-05-28 01:01:13.171  INFO 1152 --- [AsyncResolver-bootstrap-executor-0] c.n.d.s.r.aws.ConfigClusterResolver      : Resolving eureka endpoints via configuration
2020-05-28 01:06:12.545  INFO 1152 --- [RMI TCP Connection(22)-127.0.0.1] inMXBeanRegistrar$SpringApplicationAdmin : Application shutdown requested.
2020-05-28 01:06:12.547  INFO 1152 --- [RMI TCP Connection(22)-127.0.0.1] o.s.c.n.e.s.EurekaServiceRegistry        : Unregistering application ALBUMS-WS with eureka with status DOWN
2020-05-28 01:06:12.547  WARN 1152 --- [RMI TCP Connection(22)-127.0.0.1] com.netflix.discovery.DiscoveryClient    : Saw local status change event StatusChangeEvent [timestamp=1590617172547, current=DOWN, previous=UP]
2020-05-28 01:06:12.547  INFO 1152 --- [DiscoveryClient-InstanceInfoReplicator-0] com.netflix.discovery.DiscoveryClient    : DiscoveryClient_ALBUMS-WS/albums-ws:382d1ce9729347ea2a526f15cd4c708a: registering service...
2020-05-28 01:06:12.550  INFO 1152 --- [DiscoveryClient-InstanceInfoReplicator-0] com.netflix.discovery.DiscoveryClient    : DiscoveryClient_ALBUMS-WS/albums-ws:382d1ce9729347ea2a526f15cd4c708a - registration status: 204
2020-05-28 01:06:12.550  INFO 1152 --- [RMI TCP Connection(22)-127.0.0.1] o.s.s.concurrent.ThreadPoolTaskExecutor  : Shutting down ExecutorService 'applicationTaskExecutor'
2020-05-28 01:06:12.552  INFO 1152 --- [RMI TCP Connection(22)-127.0.0.1] com.netflix.discovery.DiscoveryClient    : Shutting down DiscoveryClient ...
2020-05-28 01:06:13.184  INFO 1152 --- [AsyncResolver-bootstrap-executor-0] c.n.d.s.r.aws.ConfigClusterResolver      : Resolving eureka endpoints via configuration
2020-05-28 01:06:15.559  INFO 1152 --- [RMI TCP Connection(22)-127.0.0.1] com.netflix.discovery.DiscoveryClient    : Unregistering ...
2020-05-28 01:06:15.559  WARN 1152 --- [DiscoveryClient-0] c.netflix.discovery.TimedSupervisorTask  : task supervisor shutting down, can't accept the task
2020-05-28 01:06:15.562  INFO 1152 --- [RMI TCP Connection(22)-127.0.0.1] com.netflix.discovery.DiscoveryClient    : DiscoveryClient_ALBUMS-WS/albums-ws:382d1ce9729347ea2a526f15cd4c708a - deregister  status: 200
2020-05-28 01:06:15.564  INFO 1152 --- [RMI TCP Connection(22)-127.0.0.1] com.netflix.discovery.DiscoveryClient    : Completed shut down of DiscoveryClient
2020-05-28 01:06:15.616  INFO 1152 --- [RMI TCP Connection(22)-127.0.0.1] o.apache.catalina.core.StandardService   : Stopping service [Tomcat]
2020-05-28 01:06:15.616  INFO 1152 --- [RMI TCP Connection(22)-127.0.0.1] o.a.c.c.C.[Tomcat].[localhost].[/]       : Destroying Spring FrameworkServlet 'dispatcherServlet'
2020-05-28 01:07:38.444  INFO 13048 --- [restartedMain] c.p.a.a.PhotoAppApiAlbumsApplication     : No active profile set, falling back to default profiles: default
2020-05-28 01:07:38.956  WARN 13048 --- [restartedMain] o.s.boot.actuate.endpoint.EndpointId     : Endpoint ID 'service-registry' contains invalid characters, please migrate to a valid format.
2020-05-28 01:07:39.057  INFO 13048 --- [restartedMain] o.s.cloud.context.scope.GenericScope     : BeanFactory id=fce5687c-8caa-3de7-86f9-d6b89e9c58f8
2020-05-28 01:07:39.104  INFO 13048 --- [restartedMain] trationDelegate$BeanPostProcessorChecker : Bean 'org.springframework.cloud.autoconfigure.ConfigurationPropertiesRebinderAutoConfiguration' of type [org.springframework.cloud.autoconfigure.ConfigurationPropertiesRebinderAutoConfiguration$$EnhancerBySpringCGLIB$$1f5fad8a] is not eligible for getting processed by all BeanPostProcessors (for example: not eligible for auto-proxying)
2020-05-28 01:07:39.438  INFO 13048 --- [restartedMain] o.s.b.w.embedded.tomcat.TomcatWebServer  : Tomcat initialized with port(s): 0 (http)
2020-05-28 01:07:39.453  INFO 13048 --- [restartedMain] o.apache.catalina.core.StandardService   : Starting service [Tomcat]
2020-05-28 01:07:39.453  INFO 13048 --- [restartedMain] org.apache.catalina.core.StandardEngine  : Starting Servlet engine: [Apache Tomcat/9.0.14]
2020-05-28 01:07:39.458  INFO 13048 --- [restartedMain] o.a.catalina.core.AprLifecycleListener   : The APR based Apache Tomcat Native library which allows optimal performance in production environments was not found on the java.library.path: [C:\Program Files\Java\jdk1.8.0_201\bin;C:\WINDOWS\Sun\Java\bin;C:\WINDOWS\system32;C:\WINDOWS;C:/Program Files/Java/jre1.8.0_221/bin/server;C:/Program Files/Java/jre1.8.0_221/bin;C:/Program Files/Java/jre1.8.0_221/lib/amd64;C:\Program Files (x86)\Common Files\Oracle\Java\javapath;C:\WINDOWS\system32;C:\WINDOWS;C:\WINDOWS\System32\Wbem;C:\WINDOWS\System32\WindowsPowerShell\v1.0\;C:\WINDOWS\System32\OpenSSH\;C:\Program Files\Java\jdk1.8.0_201\bin;C:\Program Files\nodejs\;C:\Program Files\PuTTY\;F:\apache-maven-3.6.3\bin;C:\Program Files\Git\cmd;C:\Users\User\AppData\Local\Programs\Python\Python37-32\Scripts\;C:\Users\User\AppData\Local\Programs\Python\Python37-32\;C:\Users\User\AppData\Local\Microsoft\WindowsApps;C:\Users\User\AppData\Roaming\npm;C:\Users\User\AppData\Local\Programs\Microsoft VS Code\bin;F:\Spring STS versions\spring-tool-suite-3.9.11.RELEASE-e4.14.0-win32-x86_64\sts-3.9.11.RELEASE;;.]
2020-05-28 01:07:39.557  INFO 13048 --- [restartedMain] o.a.c.c.C.[Tomcat].[localhost].[/]       : Initializing Spring embedded WebApplicationContext
2020-05-28 01:07:39.557  INFO 13048 --- [restartedMain] o.s.web.context.ContextLoader            : Root WebApplicationContext: initialization completed in 1105 ms
2020-05-28 01:07:39.620  WARN 13048 --- [restartedMain] c.n.c.sources.URLConfigurationSource     : No URLs will be polled as dynamic configuration sources.
2020-05-28 01:07:39.620  INFO 13048 --- [restartedMain] c.n.c.sources.URLConfigurationSource     : To enable URLs as dynamic configuration sources, define System property archaius.configurationSource.additionalUrls or make config.properties available on classpath.
2020-05-28 01:07:39.620  INFO 13048 --- [restartedMain] c.netflix.config.DynamicPropertyFactory  : DynamicPropertyFactory is initialized with configuration sources: com.netflix.config.ConcurrentCompositeConfiguration@3d70f2b6
2020-05-28 01:07:40.041  WARN 13048 --- [restartedMain] c.n.c.sources.URLConfigurationSource     : No URLs will be polled as dynamic configuration sources.
2020-05-28 01:07:40.041  INFO 13048 --- [restartedMain] c.n.c.sources.URLConfigurationSource     : To enable URLs as dynamic configuration sources, define System property archaius.configurationSource.additionalUrls or make config.properties available on classpath.
2020-05-28 01:07:40.151  INFO 13048 --- [restartedMain] o.s.s.concurrent.ThreadPoolTaskExecutor  : Initializing ExecutorService 'applicationTaskExecutor'
2020-05-28 01:07:40.387  WARN 13048 --- [restartedMain] o.s.b.d.a.OptionalLiveReloadServer       : Unable to start LiveReload server
2020-05-28 01:07:40.510  INFO 13048 --- [restartedMain] o.s.b.a.e.web.EndpointLinksResolver      : Exposing 2 endpoint(s) beneath base path '/actuator'
2020-05-28 01:07:40.602  INFO 13048 --- [restartedMain] o.s.b.w.embedded.tomcat.TomcatWebServer  : Tomcat started on port(s): 53949 (http) with context path ''
2020-05-28 01:07:40.602  INFO 13048 --- [restartedMain] .s.c.n.e.s.EurekaAutoServiceRegistration : Updating port to 53949
2020-05-28 01:07:40.602  INFO 13048 --- [restartedMain] o.s.c.n.eureka.InstanceInfoFactory       : Setting initial instance status as: STARTING
2020-05-28 01:07:40.617  INFO 13048 --- [restartedMain] com.netflix.discovery.DiscoveryClient    : Initializing Eureka in region us-east-1
2020-05-28 01:07:40.805  INFO 13048 --- [restartedMain] c.n.d.provider.DiscoveryJerseyProvider   : Using JSON encoding codec LegacyJacksonJson
2020-05-28 01:07:40.805  INFO 13048 --- [restartedMain] c.n.d.provider.DiscoveryJerseyProvider   : Using JSON decoding codec LegacyJacksonJson
2020-05-28 01:07:40.893  INFO 13048 --- [restartedMain] c.n.d.provider.DiscoveryJerseyProvider   : Using XML encoding codec XStreamXml
2020-05-28 01:07:40.893  INFO 13048 --- [restartedMain] c.n.d.provider.DiscoveryJerseyProvider   : Using XML decoding codec XStreamXml
2020-05-28 01:07:40.995  INFO 13048 --- [restartedMain] c.n.d.s.r.aws.ConfigClusterResolver      : Resolving eureka endpoints via configuration
2020-05-28 01:07:41.073  INFO 13048 --- [restartedMain] com.netflix.discovery.DiscoveryClient    : Disable delta property : false
2020-05-28 01:07:41.073  INFO 13048 --- [restartedMain] com.netflix.discovery.DiscoveryClient    : Single vip registry refresh property : null
2020-05-28 01:07:41.073  INFO 13048 --- [restartedMain] com.netflix.discovery.DiscoveryClient    : Force full registry fetch : false
2020-05-28 01:07:41.073  INFO 13048 --- [restartedMain] com.netflix.discovery.DiscoveryClient    : Application is null : false
2020-05-28 01:07:41.073  INFO 13048 --- [restartedMain] com.netflix.discovery.DiscoveryClient    : Registered Applications size is zero : true
2020-05-28 01:07:41.073  INFO 13048 --- [restartedMain] com.netflix.discovery.DiscoveryClient    : Application version is -1: true
2020-05-28 01:07:41.073  INFO 13048 --- [restartedMain] com.netflix.discovery.DiscoveryClient    : Getting all instance registry info from the eureka server
2020-05-28 01:07:41.183  INFO 13048 --- [restartedMain] com.netflix.discovery.DiscoveryClient    : The response status is 200
2020-05-28 01:07:41.183  INFO 13048 --- [restartedMain] com.netflix.discovery.DiscoveryClient    : Starting heartbeat executor: renew interval is: 30
2020-05-28 01:07:41.183  INFO 13048 --- [restartedMain] c.n.discovery.InstanceInfoReplicator     : InstanceInfoReplicator onDemand update allowed rate per min is 4
2020-05-28 01:07:41.183  INFO 13048 --- [restartedMain] com.netflix.discovery.DiscoveryClient    : Discovery Client initialized at timestamp 1590617261183 with initial instances count: 1
2020-05-28 01:07:41.198  INFO 13048 --- [restartedMain] o.s.c.n.e.s.EurekaServiceRegistry        : Registering application ALBUMS-WS with eureka with status UP
2020-05-28 01:07:41.198  INFO 13048 --- [restartedMain] com.netflix.discovery.DiscoveryClient    : Saw local status change event StatusChangeEvent [timestamp=1590617261198, current=UP, previous=STARTING]
2020-05-28 01:07:41.198  INFO 13048 --- [DiscoveryClient-InstanceInfoReplicator-0] com.netflix.discovery.DiscoveryClient    : DiscoveryClient_ALBUMS-WS/albums-ws:c4ef1d9937b19dcf90b934c7b2c43278: registering service...
2020-05-28 01:07:41.198  INFO 13048 --- [restartedMain] c.p.a.a.PhotoAppApiAlbumsApplication     : Started PhotoAppApiAlbumsApplication in 3.422 seconds (JVM running for 4.061)
2020-05-28 01:07:41.232  INFO 13048 --- [DiscoveryClient-InstanceInfoReplicator-0] com.netflix.discovery.DiscoveryClient    : DiscoveryClient_ALBUMS-WS/albums-ws:c4ef1d9937b19dcf90b934c7b2c43278 - registration status: 204
2020-05-28 01:08:39.112  INFO 13048 --- [http-nio-auto-1-exec-1] o.a.c.c.C.[Tomcat].[localhost].[/]       : Initializing Spring DispatcherServlet 'dispatcherServlet'
2020-05-28 01:08:39.112  INFO 13048 --- [http-nio-auto-1-exec-1] o.s.web.servlet.DispatcherServlet        : Initializing Servlet 'dispatcherServlet'
2020-05-28 01:08:39.117  INFO 13048 --- [http-nio-auto-1-exec-1] o.s.web.servlet.DispatcherServlet        : Completed initialization in 5 ms
2020-05-28 01:12:41.075  INFO 13048 --- [AsyncResolver-bootstrap-executor-0] c.n.d.s.r.aws.ConfigClusterResolver      : Resolving eureka endpoints via configuration
2020-05-28 01:17:41.089  INFO 13048 --- [AsyncResolver-bootstrap-executor-0] c.n.d.s.r.aws.ConfigClusterResolver      : Resolving eureka endpoints via configuration
2020-05-28 01:22:41.104  INFO 13048 --- [AsyncResolver-bootstrap-executor-0] c.n.d.s.r.aws.ConfigClusterResolver      : Resolving eureka endpoints via configuration
2020-05-28 01:22:54.762  INFO 13048 --- [RMI TCP Connection(22)-127.0.0.1] inMXBeanRegistrar$SpringApplicationAdmin : Application shutdown requested.
2020-05-28 01:22:54.768  INFO 13048 --- [RMI TCP Connection(22)-127.0.0.1] o.s.c.n.e.s.EurekaServiceRegistry        : Unregistering application ALBUMS-WS with eureka with status DOWN
2020-05-28 01:22:54.768  WARN 13048 --- [RMI TCP Connection(22)-127.0.0.1] com.netflix.discovery.DiscoveryClient    : Saw local status change event StatusChangeEvent [timestamp=1590618174768, current=DOWN, previous=UP]
2020-05-28 01:22:54.768  INFO 13048 --- [DiscoveryClient-InstanceInfoReplicator-0] com.netflix.discovery.DiscoveryClient    : DiscoveryClient_ALBUMS-WS/albums-ws:c4ef1d9937b19dcf90b934c7b2c43278: registering service...
2020-05-28 01:22:54.770  INFO 13048 --- [RMI TCP Connection(22)-127.0.0.1] o.s.s.concurrent.ThreadPoolTaskExecutor  : Shutting down ExecutorService 'applicationTaskExecutor'
2020-05-28 01:22:54.770  INFO 13048 --- [RMI TCP Connection(22)-127.0.0.1] com.netflix.discovery.DiscoveryClient    : Shutting down DiscoveryClient ...
2020-05-28 01:22:54.788  INFO 13048 --- [DiscoveryClient-InstanceInfoReplicator-0] com.netflix.discovery.DiscoveryClient    : DiscoveryClient_ALBUMS-WS/albums-ws:c4ef1d9937b19dcf90b934c7b2c43278 - registration status: 204
2020-05-28 01:22:54.789  INFO 13048 --- [RMI TCP Connection(22)-127.0.0.1] com.netflix.discovery.DiscoveryClient    : Unregistering ...
2020-05-28 01:22:54.805  INFO 13048 --- [RMI TCP Connection(22)-127.0.0.1] com.netflix.discovery.DiscoveryClient    : DiscoveryClient_ALBUMS-WS/albums-ws:c4ef1d9937b19dcf90b934c7b2c43278 - deregister  status: 200
2020-05-28 01:22:54.805  INFO 13048 --- [RMI TCP Connection(22)-127.0.0.1] com.netflix.discovery.DiscoveryClient    : Completed shut down of DiscoveryClient
2020-05-28 01:22:54.870  INFO 13048 --- [RMI TCP Connection(22)-127.0.0.1] o.apache.catalina.core.StandardService   : Stopping service [Tomcat]
2020-05-28 01:22:54.871  INFO 13048 --- [RMI TCP Connection(22)-127.0.0.1] o.a.c.c.C.[Tomcat].[localhost].[/]       : Destroying Spring FrameworkServlet 'dispatcherServlet'
